<?xml version="1.0" encoding="UTF-8"?>
<!-- Generated by org.testng.reporters.JUnitReportReporter -->
<testsuite hostname="SURAJ-LAPTOP" failures="0" tests="2" name="tests.RecentlyPlayedSongListTest" time="0.023" errors="0" timestamp="2023-06-23T16:47:29 IST" skipped="0">
  <testcase classname="tests.RecentlyPlayedSongListTest" name="testPlaySong" time="0.018"/>
  <system-out/>
  <testcase classname="tests.RecentlyPlayedSongListTest" name="testGetRecentlyPlayedSongsForNonExistingUser" time="0.005"/>
  <system-out/>
</testsuite> <!-- tests.RecentlyPlayedSongListTest -->
